{
  "RSpec": {
    "coverage": {
      "/Users/paulnderitu/Desktop/moringa/RAILS/elite_blog/spec/features/add_question_pages_spec.rb": [
        1,
        null,
        0,
        0,
        0,
        0,
        0,
        0,
        0,
        null,
        null,
        0,
        0,
        0,
        0,
        null,
        null
      ],
      "/Users/paulnderitu/Desktop/moringa/RAILS/elite_blog/spec/rails_helper.rb": [
        null,
        1,
        1,
        1,
        null,
        0,
        0,
        0,
        null,
        null,
        null,
        null,
        null,
        null,
        null,
        null,
        null,
        null,
        null,
        null,
        null,
        null,
        null,
        null,
        null,
        null,
        null,
        0,
        null,
        0,
        null,
        0,
        null,
        null,
        null,
        null,
        0,
        null,
        null,
        null,
        null,
        null,
        null,
        null,
        null,
        null,
        null,
        null,
        null,
        null,
        null,
        0,
        null,
        null,
        0,
        null,
        null,
        null,
        0,
        0,
        0,
        0,
        null,
        null
      ],
      "/Users/paulnderitu/Desktop/moringa/RAILS/elite_blog/config/environment.rb": [
        null,
        1,
        null,
        null,
        1
      ],
      "/Users/paulnderitu/Desktop/moringa/RAILS/elite_blog/config/application.rb": [
        1,
        null,
        1,
        null,
        1,
        1,
        1,
        1,
        1,
        1,
        1,
        1,
        null,
        null,
        null,
        null,
        1,
        null,
        1,
        1,
        null,
        1,
        null,
        null,
        null,
        null,
        null,
        null,
        1,
        null,
        null
      ],
      "/Users/paulnderitu/Desktop/moringa/RAILS/elite_blog/config/boot.rb": [
        1,
        null,
        1
      ],
      "/Users/paulnderitu/Desktop/moringa/RAILS/elite_blog/config/environments/test.rb": [
        1,
        null,
        null,
        null,
        null,
        null,
        null,
        1,
        null,
        null,
        null,
        null,
        1,
        null,
        null,
        1,
        1,
        null,
        null,
        null,
        null,
        1,
        1,
        null,
        null,
        1,
        null,
        null,
        1,
        1,
        null,
        null,
        null,
        null,
        1,
        null,
        null,
        1,
        null,
        null,
        null,
        null
      ],
      "/Users/paulnderitu/Desktop/moringa/RAILS/elite_blog/config/initializers/application_controller_renderer.rb": [
        null,
        null,
        null,
        null,
        null,
        null
      ],
      "/Users/paulnderitu/Desktop/moringa/RAILS/elite_blog/config/initializers/assets.rb": [
        null,
        null,
        null,
        1,
        null,
        null,
        null,
        null,
        1,
        null,
        null,
        null,
        null,
        null
      ],
      "/Users/paulnderitu/Desktop/moringa/RAILS/elite_blog/config/initializers/backtrace_silencers.rb": [
        null,
        null,
        null,
        null,
        null,
        null,
        null
      ],
      "/Users/paulnderitu/Desktop/moringa/RAILS/elite_blog/config/initializers/cookies_serializer.rb": [
        null,
        null,
        null,
        null,
        1
      ],
      "/Users/paulnderitu/Desktop/moringa/RAILS/elite_blog/config/initializers/filter_parameter_logging.rb": [
        null,
        null,
        null,
        1
      ],
      "/Users/paulnderitu/Desktop/moringa/RAILS/elite_blog/config/initializers/inflections.rb": [
        null,
        null,
        null,
        null,
        null,
        null,
        null,
        null,
        null,
        null,
        null,
        null,
        null,
        null,
        null,
        null
      ],
      "/Users/paulnderitu/Desktop/moringa/RAILS/elite_blog/config/initializers/mime_types.rb": [
        null,
        null,
        null,
        null
      ],
      "/Users/paulnderitu/Desktop/moringa/RAILS/elite_blog/config/initializers/wrap_parameters.rb": [
        null,
        null,
        null,
        null,
        null,
        null,
        1,
        2,
        null,
        null,
        null,
        null,
        null,
        null
      ],
      "/Users/paulnderitu/Desktop/moringa/RAILS/elite_blog/app/channels/application_cable/channel.rb": [
        1,
        1,
        null,
        null
      ],
      "/Users/paulnderitu/Desktop/moringa/RAILS/elite_blog/app/channels/application_cable/connection.rb": [
        1,
        1,
        null,
        null
      ],
      "/Users/paulnderitu/Desktop/moringa/RAILS/elite_blog/app/controllers/answers_controller.rb": [
        1,
        1,
        0,
        0,
        null,
        null,
        1,
        0,
        0,
        0,
        0,
        0,
        null,
        0,
        null,
        null,
        null,
        1,
        0,
        0,
        null,
        null,
        1,
        0,
        0,
        0,
        0,
        0,
        null,
        0,
        null,
        null,
        null,
        1,
        0,
        0,
        0,
        0,
        0,
        null,
        null,
        1,
        null,
        1,
        0,
        null,
        null
      ],
      "/Users/paulnderitu/Desktop/moringa/RAILS/elite_blog/app/controllers/application_controller.rb": [
        1,
        1,
        null
      ],
      "/Users/paulnderitu/Desktop/moringa/RAILS/elite_blog/app/helpers/application_helper.rb": [
        1,
        null
      ],
      "/Users/paulnderitu/Desktop/moringa/RAILS/elite_blog/app/controllers/questions_controller.rb": [
        1,
        1,
        0,
        null,
        null,
        1,
        0,
        null,
        null,
        1,
        0,
        null,
        null,
        1,
        0,
        0,
        0,
        0,
        null,
        0,
        null,
        null,
        null,
        1,
        0,
        0,
        null,
        null,
        1,
        0,
        0,
        0,
        0,
        null,
        0,
        null,
        null,
        null,
        1,
        0,
        0,
        0,
        0,
        null,
        null,
        1,
        null,
        1,
        0,
        null,
        null
      ],
      "/Users/paulnderitu/Desktop/moringa/RAILS/elite_blog/app/controllers/users_controller.rb": [
        1,
        1,
        0,
        null,
        null,
        1,
        0,
        0,
        null,
        null,
        1,
        0,
        0,
        null,
        null,
        1,
        0,
        0,
        0,
        null,
        0,
        null,
        null,
        null,
        1,
        null,
        1,
        0,
        null,
        null
      ],
      "/Users/paulnderitu/Desktop/moringa/RAILS/elite_blog/app/jobs/application_job.rb": [
        1,
        null
      ],
      "/Users/paulnderitu/Desktop/moringa/RAILS/elite_blog/app/mailers/application_mailer.rb": [
        1,
        1,
        1,
        null
      ],
      "/Users/paulnderitu/Desktop/moringa/RAILS/elite_blog/app/models/answer.rb": [
        1,
        1,
        1,
        null,
        1,
        null
      ],
      "/Users/paulnderitu/Desktop/moringa/RAILS/elite_blog/app/models/application_record.rb": [
        1,
        1,
        null
      ],
      "/Users/paulnderitu/Desktop/moringa/RAILS/elite_blog/app/models/question.rb": [
        1,
        1,
        1,
        1,
        null
      ],
      "/Users/paulnderitu/Desktop/moringa/RAILS/elite_blog/app/models/user.rb": [
        1,
        null,
        1,
        1,
        1,
        1,
        null,
        null,
        1,
        null,
        0,
        0,
        null,
        null,
        0,
        0,
        0,
        null,
        null,
        null,
        null,
        0,
        0,
        0,
        0,
        null,
        null,
        null,
        0,
        0,
        0,
        0,
        null,
        0,
        null,
        null,
        null
      ],
      "/Users/paulnderitu/Desktop/moringa/RAILS/elite_blog/spec/features/edit_answer_pages_spec.rb": [
        1,
        null,
        0,
        0,
        0,
        0,
        0,
        0,
        0,
        0,
        0,
        null,
        null,
        0,
        0,
        0,
        0,
        0,
        0,
        0,
        0,
        null,
        null
      ],
      "/Users/paulnderitu/Desktop/moringa/RAILS/elite_blog/spec/models/answer_spec.rb": [
        1,
        null,
        0,
        0,
        0,
        null
      ],
      "/Users/paulnderitu/Desktop/moringa/RAILS/elite_blog/spec/models/question_spec.rb": [
        1,
        null,
        0,
        0,
        0,
        null
      ]
    },
    "timestamp": 1502183700
  }
}
